<?xml version="1.0" encoding="utf-8"?>
<CoverageSession xmlns:xsd="http://www.w3.org/2001/XMLSchema" xmlns:xsi="http://www.w3.org/2001/XMLSchema-instance" Version="0.0.0.0">
  <Summary numSequencePoints="0" visitedSequencePoints="0" numBranchPoints="0" visitedBranchPoints="0" sequenceCoverage="0" branchCoverage="0" maxCyclomaticComplexity="0" minCyclomaticComplexity="0" maxCrapScore="0" minCrapScore="0" visitedClasses="0" numClasses="0" visitedMethods="0" numMethods="0" />
  <Modules>
    <Module>
      <Summary numSequencePoints="0" visitedSequencePoints="0" numBranchPoints="0" visitedBranchPoints="0" sequenceCoverage="0" branchCoverage="0" maxCyclomaticComplexity="0" minCyclomaticComplexity="0" maxCrapScore="0" minCrapScore="0" visitedClasses="0" numClasses="0" visitedMethods="0" numMethods="0" />
      <ModuleTime>0001-01-01T00:00:00</ModuleTime>
      <ModuleName>Tests</ModuleName>
      <Files>
        <File uid="1" fullPath="C:\Users\badmu\Documents\Unity_Projects\Algebra\leVRnAlgebra\Assets\Tests\AlgebraTests.cs" />
      </Files>
      <Classes>
        <Class>
          <Summary numSequencePoints="0" visitedSequencePoints="0" numBranchPoints="0" visitedBranchPoints="0" sequenceCoverage="0" branchCoverage="0" maxCyclomaticComplexity="0" minCyclomaticComplexity="0" maxCrapScore="0" minCrapScore="0" visitedClasses="0" numClasses="0" visitedMethods="0" numMethods="0" />
          <FullName>Tests.AlgebraTests</FullName>
          <Methods>
            <Method visited="true" cyclomaticComplexity="0" nPathComplexity="0" sequenceCoverage="100.0" branchCoverage="0" crapScore="0" isConstructor="false" isStatic="false" isGetter="false" isSetter="false">
              <Summary numSequencePoints="0" visitedSequencePoints="0" numBranchPoints="0" visitedBranchPoints="0" sequenceCoverage="100.0" branchCoverage="0" maxCyclomaticComplexity="0" minCyclomaticComplexity="0" maxCrapScore="0" minCrapScore="0" visitedClasses="0" numClasses="0" visitedMethods="0" numMethods="0" />
              <MetadataToken>100663297</MetadataToken>
              <Name>System.Void Tests.AlgebraTests::Test_MultiStepITIndex()</Name>
              <FileRef uid="1" />
              <SequencePoints>
                <SequencePoint vc="1" uspid="205" ordinal="0" offset="0" sl="81" sc="16" el="81" ec="16" bec="0" bev="0" fileid="1" />
                <SequencePoint vc="1" uspid="206" ordinal="0" offset="1" sl="83" sc="20" el="83" ec="20" bec="0" bev="0" fileid="1" />
                <SequencePoint vc="1" uspid="207" ordinal="0" offset="7" sl="86" sc="20" el="86" ec="20" bec="0" bev="0" fileid="1" />
                <SequencePoint vc="1" uspid="208" ordinal="0" offset="16" sl="87" sc="20" el="87" ec="20" bec="0" bev="0" fileid="1" />
                <SequencePoint vc="1" uspid="209" ordinal="0" offset="23" sl="90" sc="20" el="90" ec="20" bec="0" bev="0" fileid="1" />
                <SequencePoint vc="1" uspid="210" ordinal="0" offset="32" sl="91" sc="16" el="91" ec="16" bec="0" bev="0" fileid="1" />
              </SequencePoints>
              <BranchPoints />
            </Method>
            <Method visited="true" cyclomaticComplexity="0" nPathComplexity="0" sequenceCoverage="100.0" branchCoverage="0" crapScore="0" isConstructor="false" isStatic="false" isGetter="false" isSetter="false">
              <Summary numSequencePoints="0" visitedSequencePoints="0" numBranchPoints="0" visitedBranchPoints="0" sequenceCoverage="100.0" branchCoverage="0" maxCyclomaticComplexity="0" minCyclomaticComplexity="0" maxCrapScore="0" minCrapScore="0" visitedClasses="0" numClasses="0" visitedMethods="0" numMethods="0" />
              <MetadataToken>100663298</MetadataToken>
              <Name>System.Void Tests.AlgebraTests::Test_MultiStepITStep()</Name>
              <FileRef uid="1" />
              <SequencePoints>
                <SequencePoint vc="1" uspid="211" ordinal="0" offset="0" sl="95" sc="16" el="95" ec="16" bec="0" bev="0" fileid="1" />
                <SequencePoint vc="1" uspid="212" ordinal="0" offset="1" sl="97" sc="20" el="97" ec="20" bec="0" bev="0" fileid="1" />
                <SequencePoint vc="1" uspid="213" ordinal="0" offset="7" sl="100" sc="20" el="100" ec="20" bec="0" bev="0" fileid="1" />
                <SequencePoint vc="1" uspid="214" ordinal="0" offset="16" sl="101" sc="20" el="101" ec="20" bec="0" bev="0" fileid="1" />
                <SequencePoint vc="1" uspid="215" ordinal="0" offset="23" sl="104" sc="20" el="104" ec="20" bec="0" bev="0" fileid="1" />
                <SequencePoint vc="1" uspid="216" ordinal="0" offset="32" sl="105" sc="16" el="105" ec="16" bec="0" bev="0" fileid="1" />
              </SequencePoints>
              <BranchPoints />
            </Method>
            <Method visited="true" cyclomaticComplexity="0" nPathComplexity="0" sequenceCoverage="100.0" branchCoverage="0" crapScore="0" isConstructor="false" isStatic="false" isGetter="false" isSetter="false">
              <Summary numSequencePoints="0" visitedSequencePoints="0" numBranchPoints="0" visitedBranchPoints="0" sequenceCoverage="100.0" branchCoverage="0" maxCyclomaticComplexity="0" minCyclomaticComplexity="0" maxCrapScore="0" minCrapScore="0" visitedClasses="0" numClasses="0" visitedMethods="0" numMethods="0" />
              <MetadataToken>100663299</MetadataToken>
              <Name>System.Void Tests.AlgebraTests::Test_MultiStepITNumber()</Name>
              <FileRef uid="1" />
              <SequencePoints>
                <SequencePoint vc="1" uspid="217" ordinal="0" offset="0" sl="109" sc="16" el="109" ec="16" bec="0" bev="0" fileid="1" />
                <SequencePoint vc="1" uspid="218" ordinal="0" offset="1" sl="111" sc="20" el="111" ec="20" bec="0" bev="0" fileid="1" />
                <SequencePoint vc="1" uspid="219" ordinal="0" offset="7" sl="114" sc="20" el="114" ec="20" bec="0" bev="0" fileid="1" />
                <SequencePoint vc="1" uspid="220" ordinal="0" offset="16" sl="115" sc="20" el="115" ec="20" bec="0" bev="0" fileid="1" />
                <SequencePoint vc="1" uspid="221" ordinal="0" offset="23" sl="118" sc="20" el="118" ec="20" bec="0" bev="0" fileid="1" />
                <SequencePoint vc="1" uspid="222" ordinal="0" offset="32" sl="119" sc="16" el="119" ec="16" bec="0" bev="0" fileid="1" />
              </SequencePoints>
              <BranchPoints />
            </Method>
            <Method visited="true" cyclomaticComplexity="0" nPathComplexity="0" sequenceCoverage="100.0" branchCoverage="0" crapScore="0" isConstructor="false" isStatic="false" isGetter="false" isSetter="false">
              <Summary numSequencePoints="0" visitedSequencePoints="0" numBranchPoints="0" visitedBranchPoints="0" sequenceCoverage="100.0" branchCoverage="0" maxCyclomaticComplexity="0" minCyclomaticComplexity="0" maxCrapScore="0" minCrapScore="0" visitedClasses="0" numClasses="0" visitedMethods="0" numMethods="0" />
              <MetadataToken>100663300</MetadataToken>
              <Name>System.Void Tests.AlgebraTests::Test_MultiCanvasPossible()</Name>
              <FileRef uid="1" />
              <SequencePoints>
                <SequencePoint vc="1" uspid="223" ordinal="0" offset="0" sl="123" sc="16" el="123" ec="16" bec="0" bev="0" fileid="1" />
                <SequencePoint vc="1" uspid="224" ordinal="0" offset="1" sl="125" sc="20" el="125" ec="20" bec="0" bev="0" fileid="1" />
                <SequencePoint vc="1" uspid="225" ordinal="0" offset="7" sl="128" sc="20" el="128" ec="20" bec="0" bev="0" fileid="1" />
                <SequencePoint vc="1" uspid="226" ordinal="0" offset="16" sl="129" sc="20" el="129" ec="20" bec="0" bev="0" fileid="1" />
                <SequencePoint vc="1" uspid="227" ordinal="0" offset="23" sl="132" sc="20" el="132" ec="20" bec="0" bev="0" fileid="1" />
                <SequencePoint vc="1" uspid="228" ordinal="0" offset="32" sl="133" sc="16" el="133" ec="16" bec="0" bev="0" fileid="1" />
              </SequencePoints>
              <BranchPoints />
            </Method>
            <Method visited="true" cyclomaticComplexity="0" nPathComplexity="0" sequenceCoverage="100.0" branchCoverage="0" crapScore="0" isConstructor="false" isStatic="false" isGetter="false" isSetter="false">
              <Summary numSequencePoints="0" visitedSequencePoints="0" numBranchPoints="0" visitedBranchPoints="0" sequenceCoverage="100.0" branchCoverage="0" maxCyclomaticComplexity="0" minCyclomaticComplexity="0" maxCrapScore="0" minCrapScore="0" visitedClasses="0" numClasses="0" visitedMethods="0" numMethods="0" />
              <MetadataToken>100663301</MetadataToken>
              <Name>System.Void Tests.AlgebraTests::Test_MultiCanvasAnswers()</Name>
              <FileRef uid="1" />
              <SequencePoints>
                <SequencePoint vc="1" uspid="229" ordinal="0" offset="0" sl="137" sc="16" el="137" ec="16" bec="0" bev="0" fileid="1" />
                <SequencePoint vc="1" uspid="230" ordinal="0" offset="1" sl="139" sc="20" el="139" ec="20" bec="0" bev="0" fileid="1" />
                <SequencePoint vc="1" uspid="231" ordinal="0" offset="7" sl="142" sc="20" el="142" ec="20" bec="0" bev="0" fileid="1" />
                <SequencePoint vc="1" uspid="232" ordinal="0" offset="16" sl="143" sc="20" el="143" ec="20" bec="0" bev="0" fileid="1" />
                <SequencePoint vc="1" uspid="233" ordinal="0" offset="23" sl="146" sc="20" el="146" ec="20" bec="0" bev="0" fileid="1" />
                <SequencePoint vc="1" uspid="234" ordinal="0" offset="32" sl="147" sc="16" el="147" ec="16" bec="0" bev="0" fileid="1" />
              </SequencePoints>
              <BranchPoints />
            </Method>
            <Method visited="true" cyclomaticComplexity="0" nPathComplexity="0" sequenceCoverage="100.0" branchCoverage="0" crapScore="0" isConstructor="false" isStatic="false" isGetter="false" isSetter="false">
              <Summary numSequencePoints="0" visitedSequencePoints="0" numBranchPoints="0" visitedBranchPoints="0" sequenceCoverage="100.0" branchCoverage="0" maxCyclomaticComplexity="0" minCyclomaticComplexity="0" maxCrapScore="0" minCrapScore="0" visitedClasses="0" numClasses="0" visitedMethods="0" numMethods="0" />
              <MetadataToken>100663302</MetadataToken>
              <Name>System.Void Tests.AlgebraTests::Test_MultiCanvasIndex()</Name>
              <FileRef uid="1" />
              <SequencePoints>
                <SequencePoint vc="1" uspid="235" ordinal="0" offset="0" sl="151" sc="16" el="151" ec="16" bec="0" bev="0" fileid="1" />
                <SequencePoint vc="1" uspid="236" ordinal="0" offset="1" sl="153" sc="20" el="153" ec="20" bec="0" bev="0" fileid="1" />
                <SequencePoint vc="1" uspid="237" ordinal="0" offset="7" sl="156" sc="20" el="156" ec="20" bec="0" bev="0" fileid="1" />
                <SequencePoint vc="1" uspid="238" ordinal="0" offset="16" sl="157" sc="20" el="157" ec="20" bec="0" bev="0" fileid="1" />
                <SequencePoint vc="1" uspid="239" ordinal="0" offset="23" sl="160" sc="20" el="160" ec="20" bec="0" bev="0" fileid="1" />
                <SequencePoint vc="1" uspid="240" ordinal="0" offset="32" sl="161" sc="16" el="161" ec="16" bec="0" bev="0" fileid="1" />
              </SequencePoints>
              <BranchPoints />
            </Method>
            <Method visited="true" cyclomaticComplexity="0" nPathComplexity="0" sequenceCoverage="100.0" branchCoverage="0" crapScore="0" isConstructor="false" isStatic="false" isGetter="false" isSetter="false">
              <Summary numSequencePoints="0" visitedSequencePoints="0" numBranchPoints="0" visitedBranchPoints="0" sequenceCoverage="100.0" branchCoverage="0" maxCyclomaticComplexity="0" minCyclomaticComplexity="0" maxCrapScore="0" minCrapScore="0" visitedClasses="0" numClasses="0" visitedMethods="0" numMethods="0" />
              <MetadataToken>100663303</MetadataToken>
              <Name>System.Void Tests.AlgebraTests::Test_MultiCanvasIsCorrent()</Name>
              <FileRef uid="1" />
              <SequencePoints>
                <SequencePoint vc="1" uspid="241" ordinal="0" offset="0" sl="165" sc="16" el="165" ec="16" bec="0" bev="0" fileid="1" />
                <SequencePoint vc="1" uspid="242" ordinal="0" offset="1" sl="167" sc="20" el="167" ec="20" bec="0" bev="0" fileid="1" />
                <SequencePoint vc="1" uspid="243" ordinal="0" offset="7" sl="170" sc="20" el="170" ec="20" bec="0" bev="0" fileid="1" />
                <SequencePoint vc="1" uspid="244" ordinal="0" offset="9" sl="171" sc="20" el="171" ec="20" bec="0" bev="0" fileid="1" />
                <SequencePoint vc="1" uspid="245" ordinal="0" offset="17" sl="172" sc="20" el="172" ec="20" bec="0" bev="0" fileid="1" />
                <SequencePoint vc="1" uspid="246" ordinal="0" offset="24" sl="175" sc="20" el="175" ec="20" bec="0" bev="0" fileid="1" />
                <SequencePoint vc="1" uspid="247" ordinal="0" offset="31" sl="176" sc="16" el="176" ec="16" bec="0" bev="0" fileid="1" />
              </SequencePoints>
              <BranchPoints />
            </Method>
            <Method visited="true" cyclomaticComplexity="0" nPathComplexity="0" sequenceCoverage="100.0" branchCoverage="0" crapScore="0" isConstructor="false" isStatic="false" isGetter="false" isSetter="false">
              <Summary numSequencePoints="0" visitedSequencePoints="0" numBranchPoints="0" visitedBranchPoints="0" sequenceCoverage="100.0" branchCoverage="0" maxCyclomaticComplexity="0" minCyclomaticComplexity="0" maxCrapScore="0" minCrapScore="0" visitedClasses="0" numClasses="0" visitedMethods="0" numMethods="0" />
              <MetadataToken>100663304</MetadataToken>
              <Name>System.Void Tests.AlgebraTests::Test_MultiCanvasIsShould()</Name>
              <FileRef uid="1" />
              <SequencePoints>
                <SequencePoint vc="1" uspid="248" ordinal="0" offset="0" sl="180" sc="16" el="180" ec="16" bec="0" bev="0" fileid="1" />
                <SequencePoint vc="1" uspid="249" ordinal="0" offset="1" sl="182" sc="20" el="182" ec="20" bec="0" bev="0" fileid="1" />
                <SequencePoint vc="1" uspid="250" ordinal="0" offset="7" sl="185" sc="20" el="185" ec="20" bec="0" bev="0" fileid="1" />
                <SequencePoint vc="1" uspid="251" ordinal="0" offset="9" sl="186" sc="20" el="186" ec="20" bec="0" bev="0" fileid="1" />
                <SequencePoint vc="1" uspid="252" ordinal="0" offset="17" sl="187" sc="20" el="187" ec="20" bec="0" bev="0" fileid="1" />
                <SequencePoint vc="1" uspid="253" ordinal="0" offset="24" sl="190" sc="20" el="190" ec="20" bec="0" bev="0" fileid="1" />
                <SequencePoint vc="1" uspid="254" ordinal="0" offset="31" sl="191" sc="16" el="191" ec="16" bec="0" bev="0" fileid="1" />
              </SequencePoints>
              <BranchPoints />
            </Method>
            <Method visited="true" cyclomaticComplexity="0" nPathComplexity="0" sequenceCoverage="100.0" branchCoverage="0" crapScore="0" isConstructor="false" isStatic="false" isGetter="false" isSetter="false">
              <Summary numSequencePoints="0" visitedSequencePoints="0" numBranchPoints="0" visitedBranchPoints="0" sequenceCoverage="100.0" branchCoverage="0" maxCyclomaticComplexity="0" minCyclomaticComplexity="0" maxCrapScore="0" minCrapScore="0" visitedClasses="0" numClasses="0" visitedMethods="0" numMethods="0" />
              <MetadataToken>100663305</MetadataToken>
              <Name>System.Void Tests.AlgebraTests::Test_MoveAlongLogicCurrentIndex()</Name>
              <FileRef uid="1" />
              <SequencePoints>
                <SequencePoint vc="1" uspid="255" ordinal="0" offset="0" sl="199" sc="9" el="199" ec="9" bec="0" bev="0" fileid="1" />
                <SequencePoint vc="1" uspid="256" ordinal="0" offset="1" sl="203" sc="13" el="203" ec="13" bec="0" bev="0" fileid="1" />
                <SequencePoint vc="1" uspid="257" ordinal="0" offset="7" sl="204" sc="13" el="204" ec="13" bec="0" bev="0" fileid="1" />
                <SequencePoint vc="1" uspid="258" ordinal="0" offset="9" sl="205" sc="13" el="205" ec="13" bec="0" bev="0" fileid="1" />
                <SequencePoint vc="1" uspid="259" ordinal="0" offset="11" sl="206" sc="13" el="206" ec="13" bec="0" bev="0" fileid="1" />
                <SequencePoint vc="1" uspid="260" ordinal="0" offset="13" sl="209" sc="13" el="209" ec="13" bec="0" bev="0" fileid="1" />
                <SequencePoint vc="1" uspid="261" ordinal="0" offset="28" sl="210" sc="13" el="210" ec="13" bec="0" bev="0" fileid="1" />
                <SequencePoint vc="1" uspid="262" ordinal="0" offset="36" sl="213" sc="13" el="213" ec="13" bec="0" bev="0" fileid="1" />
                <SequencePoint vc="1" uspid="263" ordinal="0" offset="45" sl="214" sc="9" el="214" ec="9" bec="0" bev="0" fileid="1" />
              </SequencePoints>
              <BranchPoints />
            </Method>
            <Method visited="true" cyclomaticComplexity="0" nPathComplexity="0" sequenceCoverage="100.0" branchCoverage="0" crapScore="0" isConstructor="false" isStatic="false" isGetter="false" isSetter="false">
              <Summary numSequencePoints="0" visitedSequencePoints="0" numBranchPoints="0" visitedBranchPoints="0" sequenceCoverage="100.0" branchCoverage="0" maxCyclomaticComplexity="0" minCyclomaticComplexity="0" maxCrapScore="0" minCrapScore="0" visitedClasses="0" numClasses="0" visitedMethods="0" numMethods="0" />
              <MetadataToken>100663306</MetadataToken>
              <Name>System.Void Tests.AlgebraTests::Test_MoveAlongLogicEnabled()</Name>
              <FileRef uid="1" />
              <SequencePoints>
                <SequencePoint vc="1" uspid="264" ordinal="0" offset="0" sl="219" sc="9" el="219" ec="9" bec="0" bev="0" fileid="1" />
                <SequencePoint vc="1" uspid="265" ordinal="0" offset="1" sl="222" sc="13" el="222" ec="13" bec="0" bev="0" fileid="1" />
                <SequencePoint vc="1" uspid="266" ordinal="0" offset="7" sl="223" sc="13" el="223" ec="13" bec="0" bev="0" fileid="1" />
                <SequencePoint vc="1" uspid="267" ordinal="0" offset="9" sl="224" sc="13" el="224" ec="13" bec="0" bev="0" fileid="1" />
                <SequencePoint vc="1" uspid="268" ordinal="0" offset="11" sl="225" sc="13" el="225" ec="13" bec="0" bev="0" fileid="1" />
                <SequencePoint vc="1" uspid="269" ordinal="0" offset="13" sl="228" sc="13" el="228" ec="13" bec="0" bev="0" fileid="1" />
                <SequencePoint vc="1" uspid="270" ordinal="0" offset="28" sl="229" sc="13" el="229" ec="13" bec="0" bev="0" fileid="1" />
                <SequencePoint vc="1" uspid="271" ordinal="0" offset="36" sl="232" sc="13" el="232" ec="13" bec="0" bev="0" fileid="1" />
                <SequencePoint vc="1" uspid="272" ordinal="0" offset="44" sl="233" sc="9" el="233" ec="9" bec="0" bev="0" fileid="1" />
              </SequencePoints>
              <BranchPoints />
            </Method>
            <Method visited="true" cyclomaticComplexity="0" nPathComplexity="0" sequenceCoverage="100.0" branchCoverage="0" crapScore="0" isConstructor="false" isStatic="false" isGetter="false" isSetter="false">
              <Summary numSequencePoints="0" visitedSequencePoints="0" numBranchPoints="0" visitedBranchPoints="0" sequenceCoverage="100.0" branchCoverage="0" maxCyclomaticComplexity="0" minCyclomaticComplexity="0" maxCrapScore="0" minCrapScore="0" visitedClasses="0" numClasses="0" visitedMethods="0" numMethods="0" />
              <MetadataToken>100663307</MetadataToken>
              <Name>System.Void Tests.AlgebraTests::Test_UpdateLogic()</Name>
              <FileRef uid="1" />
              <SequencePoints>
                <SequencePoint vc="1" uspid="273" ordinal="0" offset="0" sl="243" sc="9" el="243" ec="9" bec="0" bev="0" fileid="1" />
                <SequencePoint vc="1" uspid="274" ordinal="0" offset="1" sl="246" sc="13" el="246" ec="13" bec="0" bev="0" fileid="1" />
                <SequencePoint vc="1" uspid="275" ordinal="0" offset="7" sl="247" sc="13" el="247" ec="13" bec="0" bev="0" fileid="1" />
                <SequencePoint vc="1" uspid="276" ordinal="0" offset="13" sl="250" sc="13" el="250" ec="13" bec="0" bev="0" fileid="1" />
                <SequencePoint vc="1" uspid="277" ordinal="0" offset="36" sl="251" sc="13" el="251" ec="13" bec="0" bev="0" fileid="1" />
                <SequencePoint vc="1" uspid="278" ordinal="0" offset="43" sl="253" sc="13" el="253" ec="13" bec="0" bev="0" fileid="1" />
                <SequencePoint vc="1" uspid="279" ordinal="0" offset="51" sl="254" sc="13" el="254" ec="13" bec="0" bev="0" fileid="1" />
                <SequencePoint vc="1" uspid="280" ordinal="0" offset="70" sl="255" sc="9" el="255" ec="9" bec="0" bev="0" fileid="1" />
              </SequencePoints>
              <BranchPoints />
            </Method>
            <Method visited="true" cyclomaticComplexity="0" nPathComplexity="0" sequenceCoverage="100.0" branchCoverage="0" crapScore="0" isConstructor="false" isStatic="false" isGetter="false" isSetter="false">
              <Summary numSequencePoints="0" visitedSequencePoints="0" numBranchPoints="0" visitedBranchPoints="0" sequenceCoverage="100.0" branchCoverage="0" maxCyclomaticComplexity="0" minCyclomaticComplexity="0" maxCrapScore="0" minCrapScore="0" visitedClasses="0" numClasses="0" visitedMethods="0" numMethods="0" />
              <MetadataToken>100663308</MetadataToken>
              <Name>System.Void Tests.AlgebraTests::Test_IncrementLogic()</Name>
              <FileRef uid="1" />
              <SequencePoints>
                <SequencePoint vc="1" uspid="281" ordinal="0" offset="0" sl="261" sc="9" el="261" ec="9" bec="0" bev="0" fileid="1" />
                <SequencePoint vc="1" uspid="282" ordinal="0" offset="1" sl="264" sc="13" el="264" ec="13" bec="0" bev="0" fileid="1" />
                <SequencePoint vc="1" uspid="283" ordinal="0" offset="7" sl="265" sc="13" el="265" ec="13" bec="0" bev="0" fileid="1" />
                <SequencePoint vc="1" uspid="284" ordinal="0" offset="13" sl="266" sc="13" el="266" ec="13" bec="0" bev="0" fileid="1" />
                <SequencePoint vc="1" uspid="285" ordinal="0" offset="19" sl="269" sc="13" el="269" ec="13" bec="0" bev="0" fileid="1" />
                <SequencePoint vc="1" uspid="286" ordinal="0" offset="33" sl="270" sc="13" el="270" ec="13" bec="0" bev="0" fileid="1" />
                <SequencePoint vc="1" uspid="287" ordinal="0" offset="40" sl="272" sc="13" el="272" ec="13" bec="0" bev="0" fileid="1" />
                <SequencePoint vc="1" uspid="288" ordinal="0" offset="52" sl="273" sc="13" el="273" ec="13" bec="0" bev="0" fileid="1" />
                <SequencePoint vc="1" uspid="289" ordinal="0" offset="71" sl="274" sc="9" el="274" ec="9" bec="0" bev="0" fileid="1" />
              </SequencePoints>
              <BranchPoints />
            </Method>
            <Method visited="true" cyclomaticComplexity="0" nPathComplexity="0" sequenceCoverage="100.0" branchCoverage="0" crapScore="0" isConstructor="false" isStatic="false" isGetter="false" isSetter="false">
              <Summary numSequencePoints="0" visitedSequencePoints="0" numBranchPoints="0" visitedBranchPoints="0" sequenceCoverage="100.0" branchCoverage="0" maxCyclomaticComplexity="0" minCyclomaticComplexity="0" maxCrapScore="0" minCrapScore="0" visitedClasses="0" numClasses="0" visitedMethods="0" numMethods="0" />
              <MetadataToken>100663309</MetadataToken>
              <Name>System.Void Tests.AlgebraTests::Test_UpdateLogicTwo()</Name>
              <FileRef uid="1" />
              <SequencePoints>
                <SequencePoint vc="1" uspid="290" ordinal="0" offset="0" sl="283" sc="9" el="283" ec="9" bec="0" bev="0" fileid="1" />
                <SequencePoint vc="1" uspid="291" ordinal="0" offset="1" sl="285" sc="13" el="285" ec="13" bec="0" bev="0" fileid="1" />
                <SequencePoint vc="1" uspid="292" ordinal="0" offset="7" sl="286" sc="13" el="286" ec="13" bec="0" bev="0" fileid="1" />
                <SequencePoint vc="1" uspid="293" ordinal="0" offset="13" sl="288" sc="13" el="288" ec="13" bec="0" bev="0" fileid="1" />
                <SequencePoint vc="1" uspid="294" ordinal="0" offset="36" sl="289" sc="13" el="289" ec="13" bec="0" bev="0" fileid="1" />
                <SequencePoint vc="1" uspid="295" ordinal="0" offset="43" sl="292" sc="13" el="292" ec="13" bec="0" bev="0" fileid="1" />
                <SequencePoint vc="1" uspid="296" ordinal="0" offset="51" sl="293" sc="13" el="293" ec="13" bec="0" bev="0" fileid="1" />
                <SequencePoint vc="1" uspid="297" ordinal="0" offset="70" sl="294" sc="9" el="294" ec="9" bec="0" bev="0" fileid="1" />
              </SequencePoints>
              <BranchPoints />
            </Method>
            <Method visited="true" cyclomaticComplexity="0" nPathComplexity="0" sequenceCoverage="100.0" branchCoverage="0" crapScore="0" isConstructor="false" isStatic="false" isGetter="false" isSetter="false">
              <Summary numSequencePoints="0" visitedSequencePoints="0" numBranchPoints="0" visitedBranchPoints="0" sequenceCoverage="100.0" branchCoverage="0" maxCyclomaticComplexity="0" minCyclomaticComplexity="0" maxCrapScore="0" minCrapScore="0" visitedClasses="0" numClasses="0" visitedMethods="0" numMethods="0" />
              <MetadataToken>100663310</MetadataToken>
              <Name>System.Void Tests.AlgebraTests::Test_IncrementLogicTwo()</Name>
              <FileRef uid="1" />
              <SequencePoints>
                <SequencePoint vc="1" uspid="298" ordinal="0" offset="0" sl="300" sc="9" el="300" ec="9" bec="0" bev="0" fileid="1" />
                <SequencePoint vc="1" uspid="299" ordinal="0" offset="1" sl="303" sc="13" el="303" ec="13" bec="0" bev="0" fileid="1" />
                <SequencePoint vc="1" uspid="300" ordinal="0" offset="7" sl="304" sc="13" el="304" ec="13" bec="0" bev="0" fileid="1" />
                <SequencePoint vc="1" uspid="301" ordinal="0" offset="13" sl="305" sc="13" el="305" ec="13" bec="0" bev="0" fileid="1" />
                <SequencePoint vc="1" uspid="302" ordinal="0" offset="19" sl="308" sc="13" el="308" ec="13" bec="0" bev="0" fileid="1" />
                <SequencePoint vc="1" uspid="303" ordinal="0" offset="33" sl="309" sc="13" el="309" ec="13" bec="0" bev="0" fileid="1" />
                <SequencePoint vc="1" uspid="304" ordinal="0" offset="40" sl="312" sc="13" el="312" ec="13" bec="0" bev="0" fileid="1" />
                <SequencePoint vc="1" uspid="305" ordinal="0" offset="52" sl="313" sc="13" el="313" ec="13" bec="0" bev="0" fileid="1" />
                <SequencePoint vc="1" uspid="306" ordinal="0" offset="70" sl="314" sc="9" el="314" ec="9" bec="0" bev="0" fileid="1" />
              </SequencePoints>
              <BranchPoints />
            </Method>
          </Methods>
        </Class>
      </Classes>
    </Module>
  </Modules>
</CoverageSession>